<?xml version="1.0" encoding="UTF-8"?>
<testng-results ignored="0" total="1" passed="1" failed="0" skipped="0">
  <reporter-output>
  </reporter-output>
  <suite started-at="2021-04-19T04:25:14 CDT" name="SauceTestSuite" finished-at="2021-04-19T04:26:16 CDT" duration-ms="61495">
    <groups>
    </groups>
    <test started-at="2021-04-19T04:25:14 CDT" name="SauceTestCase" finished-at="2021-04-19T04:26:16 CDT" duration-ms="61495">
      <class name="inter.sauce.test.tests.ProductCheckoutHappyPath">
        <test-method is-config="true" signature="beforeMethod(java.lang.String)[pri:0, instance:inter.sauce.test.tests.ProductCheckoutHappyPath@6c6cb480]" started-at="2021-04-19T04:25:14 CDT" name="beforeMethod" finished-at="2021-04-19T04:25:18 CDT" duration-ms="3965" status="PASS">
          <params>
            <param index="0">
              <value>
                <![CDATA[chrome]]>
              </value>
            </param>
          </params>
          <reporter-output>
          </reporter-output>
        </test-method> <!-- beforeMethod -->
        <test-method signature="productCheck()[pri:0, instance:inter.sauce.test.tests.ProductCheckoutHappyPath@6c6cb480]" started-at="2021-04-19T04:25:18 CDT" name="productCheck" finished-at="2021-04-19T04:26:15 CDT" duration-ms="57301" status="PASS">
          <reporter-output>
          </reporter-output>
        </test-method> <!-- productCheck -->
        <test-method is-config="true" signature="afterMethod()[pri:0, instance:inter.sauce.test.tests.ProductCheckoutHappyPath@6c6cb480]" started-at="2021-04-19T04:26:15 CDT" name="afterMethod" finished-at="2021-04-19T04:26:16 CDT" duration-ms="190" status="PASS">
          <reporter-output>
          </reporter-output>
        </test-method> <!-- afterMethod -->
      </class> <!-- inter.sauce.test.tests.ProductCheckoutHappyPath -->
    </test> <!-- SauceTestCase -->
  </suite> <!-- SauceTestSuite -->
</testng-results>
